-- The C compiler identification is GNU 13.3.0
-- The CXX compiler identification is GNU 13.3.0
-- Detecting C compiler ABI info
-- Detecting C compiler ABI info - done
-- Check for working C compiler: /usr/bin/cc - skipped
-- Detecting C compile features
-- Detecting C compile features - done
-- Detecting CXX compiler ABI info
-- Detecting CXX compiler ABI info - done
-- Check for working CXX compiler: /usr/bin/c++ - skipped
-- Detecting CXX compile features
-- Detecting CXX compile features - done
-- Found ament_cmake: 2.5.4 (/opt/ros/jazzy/share/ament_cmake/cmake)
-- Found Python3: /usr/bin/python3 (found version "3.12.3") found components: Interpreter 
-- Found rclcpp: 28.1.9 (/opt/ros/jazzy/share/rclcpp/cmake)
-- Found rosidl_generator_c: 4.6.5 (/opt/ros/jazzy/share/rosidl_generator_c/cmake)
-- Found rosidl_generator_cpp: 4.6.5 (/opt/ros/jazzy/share/rosidl_generator_cpp/cmake)
-- Using all available rosidl_typesupport_c: rosidl_typesupport_fastrtps_c;rosidl_typesupport_introspection_c
-- Using all available rosidl_typesupport_cpp: rosidl_typesupport_fastrtps_cpp;rosidl_typesupport_introspection_cpp
-- Found rmw_implementation_cmake: 7.3.2 (/opt/ros/jazzy/share/rmw_implementation_cmake/cmake)
-- Found rmw_fastrtps_cpp: 8.4.2 (/opt/ros/jazzy/share/rmw_fastrtps_cpp/cmake)
-- Found OpenSSL: /usr/lib/aarch64-linux-gnu/libcrypto.so (found version "3.0.13")  
-- Found FastRTPS: /opt/ros/jazzy/include (Required is at least version "2.13") 
-- Using RMW implementation 'rmw_fastrtps_cpp' as default
-- Found sensor_msgs: 5.3.6 (/opt/ros/jazzy/share/sensor_msgs/cmake)
-- Found diagnostic_msgs: 5.3.6 (/opt/ros/jazzy/share/diagnostic_msgs/cmake)
-- Found hardware_interface: 4.28.1 (/opt/ros/jazzy/share/hardware_interface/cmake)
-- Found ros2_control: 4.28.1 (/opt/ros/jazzy/share/ros2_control/cmake)
-- Found diagnostic_updater: 4.2.3 (/opt/ros/jazzy/share/diagnostic_updater/cmake)
-- Found controller_manager: 4.28.1 (/opt/ros/jazzy/share/controller_manager/cmake)
-- Found ubiquity_motor_ros2_msgs: 1.0.0 (/home/drbot/ros2_ws/install/ubiquity_motor_ros2_msgs/share/ubiquity_motor_ros2_msgs/cmake)
-- Found Boost: /usr/lib/aarch64-linux-gnu/cmake/Boost-1.83.0/BoostConfig.cmake (found version "1.83.0") found components: thread 
-- Configuring done (11.5s)
-- Generating done (0.1s)
-- Build files have been written to: /home/drbot/ros2_ws/src/build/ubiquity_motor_ros2
[ 25%] [32mBuilding CXX object CMakeFiles/ur_serial.dir/serial/src/impl/unix.cc.o[0m
[ 25%] [32mBuilding CXX object CMakeFiles/ur_serial.dir/serial/src/serial.cc.o[0m
[ 37%] [32mBuilding CXX object CMakeFiles/ur_serial.dir/serial/src/impl/list_ports/list_ports_linux.cc.o[0m
[ 50%] [32m[1mLinking CXX shared library libur_serial.so[0m
[ 50%] Built target ur_serial
[ 62%] [32mBuilding CXX object CMakeFiles/ubiquity_motor_ros2.dir/src/motor_message.cc.o[0m
[ 75%] [32mBuilding CXX object CMakeFiles/ubiquity_motor_ros2.dir/src/motor_serial.cc.o[0m
[ 87%] [32mBuilding CXX object CMakeFiles/ubiquity_motor_ros2.dir/src/motor_hardware.cc.o[0m
[100%] [32m[1mLinking CXX shared library libubiquity_motor_ros2.so[0m
[100%] Built target ubiquity_motor_ros2
-- Install configuration: ""
-- Installing: /home/drbot/ros2_ws/src/install/ubiquity_motor_ros2/lib/libur_serial.so
-- Installing: /home/drbot/ros2_ws/src/install/ubiquity_motor_ros2/include
-- Installing: /home/drbot/ros2_ws/src/install/ubiquity_motor_ros2/include/serial
-- Installing: /home/drbot/ros2_ws/src/install/ubiquity_motor_ros2/include/serial/v8stdint.h
-- Installing: /home/drbot/ros2_ws/src/install/ubiquity_motor_ros2/include/serial/impl
-- Installing: /home/drbot/ros2_ws/src/install/ubiquity_motor_ros2/include/serial/impl/win.h
-- Installing: /home/drbot/ros2_ws/src/install/ubiquity_motor_ros2/include/serial/impl/unix.h
-- Installing: /home/drbot/ros2_ws/src/install/ubiquity_motor_ros2/include/serial/serial.h
-- Installing: /home/drbot/ros2_ws/src/install/ubiquity_motor_ros2/share/ubiquity_motor_ros2/environment/library_path.sh
-- Installing: /home/drbot/ros2_ws/src/install/ubiquity_motor_ros2/share/ubiquity_motor_ros2/environment/library_path.dsv
-- Installing: /home/drbot/ros2_ws/src/install/ubiquity_motor_ros2/share/ubiquity_motor_ros2/plugin_description.xml
-- Installing: /home/drbot/ros2_ws/src/install/ubiquity_motor_ros2/lib/ubiquity_motor_ros2/libubiquity_motor_ros2.so
-- Set non-toolchain portion of runtime path of "/home/drbot/ros2_ws/src/install/ubiquity_motor_ros2/lib/ubiquity_motor_ros2/libubiquity_motor_ros2.so" to ""
-- Installing: /home/drbot/ros2_ws/src/install/ubiquity_motor_ros2/lib/ubiquity_motor_ros2/upgrade_firmware.py
-- Installing: /home/drbot/ros2_ws/src/install/ubiquity_motor_ros2/lib/ubiquity_motor_ros2/test_motor_board.py
-- Installing: /home/drbot/ros2_ws/src/install/ubiquity_motor_ros2/lib/ubiquity_motor_ros2/test_pi_gpio.py
-- Installing: /home/drbot/ros2_ws/src/install/ubiquity_motor_ros2/share/ubiquity_motor_ros2/launch
-- Installing: /home/drbot/ros2_ws/src/install/ubiquity_motor_ros2/share/ubiquity_motor_ros2/launch/new.launch.py
-- Installing: /home/drbot/ros2_ws/src/install/ubiquity_motor_ros2/share/ubiquity_motor_ros2/launch/motors.launch.py
-- Installing: /home/drbot/ros2_ws/src/install/ubiquity_motor_ros2/share/ubiquity_motor_ros2/cfg
-- Installing: /home/drbot/ros2_ws/src/install/ubiquity_motor_ros2/share/ubiquity_motor_ros2/cfg/conf.yaml
-- Installing: /home/drbot/ros2_ws/src/install/ubiquity_motor_ros2/share/ament_index/resource_index/package_run_dependencies/ubiquity_motor_ros2
-- Installing: /home/drbot/ros2_ws/src/install/ubiquity_motor_ros2/share/ament_index/resource_index/parent_prefix_path/ubiquity_motor_ros2
-- Installing: /home/drbot/ros2_ws/src/install/ubiquity_motor_ros2/share/ubiquity_motor_ros2/environment/ament_prefix_path.sh
-- Installing: /home/drbot/ros2_ws/src/install/ubiquity_motor_ros2/share/ubiquity_motor_ros2/environment/ament_prefix_path.dsv
-- Installing: /home/drbot/ros2_ws/src/install/ubiquity_motor_ros2/share/ubiquity_motor_ros2/environment/path.sh
-- Installing: /home/drbot/ros2_ws/src/install/ubiquity_motor_ros2/share/ubiquity_motor_ros2/environment/path.dsv
-- Installing: /home/drbot/ros2_ws/src/install/ubiquity_motor_ros2/share/ubiquity_motor_ros2/local_setup.bash
-- Installing: /home/drbot/ros2_ws/src/install/ubiquity_motor_ros2/share/ubiquity_motor_ros2/local_setup.sh
-- Installing: /home/drbot/ros2_ws/src/install/ubiquity_motor_ros2/share/ubiquity_motor_ros2/local_setup.zsh
-- Installing: /home/drbot/ros2_ws/src/install/ubiquity_motor_ros2/share/ubiquity_motor_ros2/local_setup.dsv
-- Installing: /home/drbot/ros2_ws/src/install/ubiquity_motor_ros2/share/ubiquity_motor_ros2/package.dsv
-- Installing: /home/drbot/ros2_ws/src/install/ubiquity_motor_ros2/share/ament_index/resource_index/packages/ubiquity_motor_ros2
-- Installing: /home/drbot/ros2_ws/src/install/ubiquity_motor_ros2/share/ament_index/resource_index/hardware_interface__pluginlib__plugin/ubiquity_motor_ros2
-- Installing: /home/drbot/ros2_ws/src/install/ubiquity_motor_ros2/share/ubiquity_motor_ros2/cmake/ament_cmake_export_include_directories-extras.cmake
-- Installing: /home/drbot/ros2_ws/src/install/ubiquity_motor_ros2/share/ubiquity_motor_ros2/cmake/ament_cmake_export_libraries-extras.cmake
-- Installing: /home/drbot/ros2_ws/src/install/ubiquity_motor_ros2/share/ubiquity_motor_ros2/cmake/ubiquity_motor_ros2Config.cmake
-- Installing: /home/drbot/ros2_ws/src/install/ubiquity_motor_ros2/share/ubiquity_motor_ros2/cmake/ubiquity_motor_ros2Config-version.cmake
-- Installing: /home/drbot/ros2_ws/src/install/ubiquity_motor_ros2/share/ubiquity_motor_ros2/package.xml
